[01/Sep/2017:09:50:38 +0800] 0:0:0:0:0:0:0:1 "GET / HTTP/1.1" 302 (98 ms)
[01/Sep/2017:09:50:39 +0800] 0:0:0:0:0:0:0:1 "GET / HTTP/1.1" 401 (579 ms)
[01/Sep/2017:09:50:48 +0800] 0:0:0:0:0:0:0:1 "GET /info HTTP/1.1" 200 (52 ms)
[01/Sep/2017:09:50:56 +0800] 0:0:0:0:0:0:0:1 "GET /loggers HTTP/1.1" 200 (57 ms)
[01/Sep/2017:10:09:51 +0800] 0:0:0:0:0:0:0:1 "GET / HTTP/1.1" 302 (3 ms)
[01/Sep/2017:10:09:51 +0800] 0:0:0:0:0:0:0:1 "GET / HTTP/1.1" 401 (97 ms)
[01/Sep/2017:10:15:39 +0800] 60.191.38.77 "GET / HTTP/1.1" 401 (22 ms)
[01/Sep/2017:10:15:40 +0800] 60.191.38.77 "GET / HTTP/1.1" 401 (15 ms)
[01/Sep/2017:10:19:06 +0800] 0:0:0:0:0:0:0:1 "GET / HTTP/1.1" 401 (27 ms)
[01/Sep/2017:10:19:16 +0800] 0:0:0:0:0:0:0:1 "GET / HTTP/1.1" 200 (31 ms)
[01/Sep/2017:11:11:59 +0800] 0:0:0:0:0:0:0:1 "GET /loggers HTTP/1.1" 200 (20 ms)
[01/Sep/2017:11:12:03 +0800] 0:0:0:0:0:0:0:1 "GET /loggers/cn.cincout.tech.black.hole.springboot.interfaces.web HTTP/1.1" 200 (30 ms)
[01/Sep/2017:11:12:46 +0800] 0:0:0:0:0:0:0:1 "GET / HTTP/1.1" 302 (1 ms)
[01/Sep/2017:11:12:46 +0800] 0:0:0:0:0:0:0:1 "GET / HTTP/1.1" 200 (15 ms)
[01/Sep/2017:11:12:55 +0800] 0:0:0:0:0:0:0:1 "POST /loggers/cn.cincout.tech.black.hole.springboot.interfaces.web HTTP/1.1" 200 (33 ms)
[01/Sep/2017:11:12:58 +0800] 0:0:0:0:0:0:0:1 "GET /loggers/cn.cincout.tech.black.hole.springboot.interfaces.web HTTP/1.1" 200 (14 ms)
[01/Sep/2017:11:12:59 +0800] 0:0:0:0:0:0:0:1 "GET /favicon.ico HTTP/1.1" 200 (28 ms)
[01/Sep/2017:11:13:17 +0800] 0:0:0:0:0:0:0:1 "POST /loggers/cn.cincout.tech.black.hole.springboot.interfaces.web HTTP/1.1" 200 (8 ms)
[01/Sep/2017:11:13:25 +0800] 0:0:0:0:0:0:0:1 "GET /loggers/cn.cincout.tech.black.hole.springboot.interfaces.web HTTP/1.1" 200 (27 ms)
[01/Sep/2017:11:13:26 +0800] 0:0:0:0:0:0:0:1 "GET /favicon.ico HTTP/1.1" 200 (5 ms)
[01/Sep/2017:11:15:43 +0800] 0:0:0:0:0:0:0:1 "GET / HTTP/1.1" 200 (17 ms)
[01/Sep/2017:11:15:44 +0800] 0:0:0:0:0:0:0:1 "GET /favicon.ico HTTP/1.1" 200 (11 ms)
[01/Sep/2017:11:17:35 +0800] 0:0:0:0:0:0:0:1 "GET /health HTTP/1.1" 200 (15 ms)
[01/Sep/2017:11:17:44 +0800] 0:0:0:0:0:0:0:1 "GET /dump HTTP/1.1" 200 (127 ms)
