[30/Aug/2017:09:48:47 +0800] 0:0:0:0:0:0:0:1 "GET / HTTP/1.1" 302 (89 ms)
[30/Aug/2017:09:48:47 +0800] 0:0:0:0:0:0:0:1 "GET / HTTP/1.1" 200 (89 ms)
[30/Aug/2017:09:48:58 +0800] 0:0:0:0:0:0:0:1 "GET /beans HTTP/1.1" 200 (48 ms)
[30/Aug/2017:09:49:23 +0800] 0:0:0:0:0:0:0:1 "GET /configprops HTTP/1.1" 200 (300 ms)
[30/Aug/2017:09:50:39 +0800] 0:0:0:0:0:0:0:1 "GET /dump HTTP/1.1" 200 (124 ms)
[30/Aug/2017:09:51:20 +0800] 0:0:0:0:0:0:0:1 "GET /mappings HTTP/1.1" 200 (6 ms)
[30/Aug/2017:09:51:55 +0800] 0:0:0:0:0:0:0:1 "GET /trace HTTP/1.1" 200 (21 ms)
[30/Aug/2017:10:05:44 +0800] 0:0:0:0:0:0:0:1 "GET /env HTTP/1.1" 200 (15 ms)
[30/Aug/2017:10:10:43 +0800] 0:0:0:0:0:0:0:1 "GET /metrics HTTP/1.1" 200 (23 ms)
[30/Aug/2017:10:14:45 +0800] 127.0.0.1 "GET /metrics HTTP/1.1" 200 (7 ms)
[30/Aug/2017:10:15:05 +0800] 127.0.0.1 "GET / HTTP/1.1" 200 (11 ms)
[30/Aug/2017:10:15:06 +0800] 127.0.0.1 "GET /favicon.ico HTTP/1.1" 200 (21 ms)
[30/Aug/2017:10:15:07 +0800] 127.0.0.1 "GET /favicon.ico HTTP/1.1" 200 (4 ms)
[30/Aug/2017:10:15:11 +0800] 127.0.0.1 "GET /beans HTTP/1.1" 200 (16 ms)
[30/Aug/2017:10:15:30 +0800] 127.0.0.1 "GET / HTTP/1.1" 200 (10 ms)
[30/Aug/2017:10:15:31 +0800] 127.0.0.1 "GET /favicon.ico HTTP/1.1" 304 (30 ms)
[30/Aug/2017:10:15:54 +0800] 0:0:0:0:0:0:0:1 "GET /metrics HTTP/1.1" 200 (19 ms)
[30/Aug/2017:10:15:55 +0800] 0:0:0:0:0:0:0:1 "GET /favicon.ico HTTP/1.1" 200 (8 ms)
[30/Aug/2017:10:16:00 +0800] 0:0:0:0:0:0:0:1 "GET /metrics HTTP/1.1" 200 (16 ms)
[30/Aug/2017:10:16:01 +0800] 0:0:0:0:0:0:0:1 "GET /favicon.ico HTTP/1.1" 200 (4 ms)
[30/Aug/2017:10:16:18 +0800] 0:0:0:0:0:0:0:1 "GET /metrics HTTP/1.1" 200 (19 ms)
[30/Aug/2017:10:16:45 +0800] 127.0.0.1 "GET / HTTP/1.1" 200 (4 ms)
[30/Aug/2017:10:16:46 +0800] 127.0.0.1 "GET /favicon.ico HTTP/1.1" 304 (4 ms)
[30/Aug/2017:10:16:59 +0800] 127.0.0.1 "-" 400 (0 ms)
[30/Aug/2017:10:17:11 +0800] 127.0.0.1 "-" 400 (0 ms)
[30/Aug/2017:10:17:18 +0800] 127.0.0.1 "GET /metrics HTTP/1.1" 302 (1 ms)
[30/Aug/2017:10:17:18 +0800] 127.0.0.1 "GET /metrics HTTP/1.1" 200 (7 ms)
[30/Aug/2017:10:19:50 +0800] 127.0.0.1 "-" 400 (0 ms)
[30/Aug/2017:10:19:53 +0800] 127.0.0.1 "-" 400 (0 ms)
[30/Aug/2017:10:19:58 +0800] 127.0.0.1 "GET /metrics HTTP/1.1" 302 (1 ms)
[30/Aug/2017:10:19:58 +0800] 127.0.0.1 "GET /metrics HTTP/1.1" 200 (7 ms)
[30/Aug/2017:10:20:22 +0800] 127.0.0.1 "-" 400 (0 ms)
[30/Aug/2017:10:43:41 +0800] 0:0:0:0:0:0:0:1 "GET /metrics HTTP/1.1" 200 (314 ms)
[30/Aug/2017:10:43:43 +0800] 0:0:0:0:0:0:0:1 "GET /favicon.ico HTTP/1.1" 200 (30 ms)
[30/Aug/2017:10:44:02 +0800] 0:0:0:0:0:0:0:1 "GET /dump HTTP/1.1" 200 (77 ms)
[30/Aug/2017:10:47:48 +0800] 0:0:0:0:0:0:0:1 "GET /health HTTP/1.1" 200 (21 ms)
[30/Aug/2017:10:49:10 +0800] 0:0:0:0:0:0:0:1 "GET /shutdown HTTP/1.1" 404 (327 ms)
[30/Aug/2017:10:50:52 +0800] 0:0:0:0:0:0:0:1 "GET /shutdown HTTP/1.1" 405 (220 ms)
[30/Aug/2017:10:50:53 +0800] 0:0:0:0:0:0:0:1 "GET /favicon.ico HTTP/1.1" 200 (35 ms)
[30/Aug/2017:10:52:16 +0800] 0:0:0:0:0:0:0:1 "GET /shutdown HTTP/1.1" 405 (156 ms)
[30/Aug/2017:10:52:17 +0800] 0:0:0:0:0:0:0:1 "GET /favicon.ico HTTP/1.1" 200 (22 ms)
[30/Aug/2017:10:52:20 +0800] 0:0:0:0:0:0:0:1 "GET /shutdown HTTP/1.1" 405 (29 ms)
[30/Aug/2017:10:52:24 +0800] 0:0:0:0:0:0:0:1 "GET /shutdown HTTP/1.1" 405 (15 ms)
[30/Aug/2017:10:52:31 +0800] 0:0:0:0:0:0:0:1 "GET / HTTP/1.1" 401 (26 ms)
[30/Aug/2017:10:52:39 +0800] 0:0:0:0:0:0:0:1 "GET / HTTP/1.1" 401 (23 ms)
[30/Aug/2017:10:53:27 +0800] 0:0:0:0:0:0:0:1 "GET / HTTP/1.1" 302 (117 ms)
[30/Aug/2017:10:53:27 +0800] 0:0:0:0:0:0:0:1 "GET / HTTP/1.1" 401 (139 ms)
[30/Aug/2017:10:53:33 +0800] 0:0:0:0:0:0:0:1 "GET / HTTP/1.1" 200 (80 ms)
[30/Aug/2017:10:53:39 +0800] 0:0:0:0:0:0:0:1 "GET /env HTTP/1.1" 200 (55 ms)
[30/Aug/2017:10:53:47 +0800] 0:0:0:0:0:0:0:1 "GET /shutdowm HTTP/1.1" 404 (37 ms)
[30/Aug/2017:10:57:09 +0800] 0:0:0:0:0:0:0:1 "POST /shutdowm HTTP/1.1" 404 (79 ms)
[30/Aug/2017:10:57:29 +0800] 0:0:0:0:0:0:0:1 "GET /shutdowm HTTP/1.1" 404 (17 ms)
[30/Aug/2017:10:58:12 +0800] 0:0:0:0:0:0:0:1 "POST /shutdown HTTP/1.1" 302 (27 ms)
[30/Aug/2017:10:58:12 +0800] 0:0:0:0:0:0:0:1 "GET /shutdown HTTP/1.1" 405 (58 ms)
[30/Aug/2017:10:58:23 +0800] 0:0:0:0:0:0:0:1 "POST /shutdown HTTP/1.1" 302 (2 ms)
[30/Aug/2017:10:58:23 +0800] 0:0:0:0:0:0:0:1 "GET /shutdown HTTP/1.1" 405 (15 ms)
[30/Aug/2017:10:58:47 +0800] 0:0:0:0:0:0:0:1 "GET / HTTP/1.1" 200 (19 ms)
[30/Aug/2017:11:03:23 +0800] 0:0:0:0:0:0:0:1 "GET / HTTP/1.1" 200 (168 ms)
[30/Aug/2017:11:03:25 +0800] 0:0:0:0:0:0:0:1 "GET /favicon.ico HTTP/1.1" 200 (28 ms)
[30/Aug/2017:11:03:34 +0800] 0:0:0:0:0:0:0:1 "GET /shutdown HTTP/1.1" 405 (69 ms)
[30/Aug/2017:11:04:06 +0800] 0:0:0:0:0:0:0:1 "GET /shutdown HTTP/1.1" 405 (35 ms)
[30/Aug/2017:11:04:36 +0800] 0:0:0:0:0:0:0:1 "GET /admin HTTP/1.1" 500 (349 ms)
[30/Aug/2017:11:05:35 +0800] 0:0:0:0:0:0:0:1 "GET /admin HTTP/1.1" 200 (743 ms)
[30/Aug/2017:11:05:36 +0800] 0:0:0:0:0:0:0:1 "GET /favicon.ico HTTP/1.1" 200 (50 ms)
[30/Aug/2017:11:07:07 +0800] 0:0:0:0:0:0:0:1 "GET /admin HTTP/1.1" 200 (522 ms)
[30/Aug/2017:11:07:08 +0800] 0:0:0:0:0:0:0:1 "GET /favicon.ico HTTP/1.1" 200 (24 ms)
[30/Aug/2017:11:07:09 +0800] 0:0:0:0:0:0:0:1 "POST /shutdown HTTP/1.1" 200 (50 ms)
[30/Aug/2017:11:08:21 +0800] 0:0:0:0:0:0:0:1 "GET / HTTP/1.1" 200 (219 ms)
[30/Aug/2017:11:08:22 +0800] 0:0:0:0:0:0:0:1 "GET /favicon.ico HTTP/1.1" 200 (24 ms)
[30/Aug/2017:11:08:53 +0800] 0:0:0:0:0:0:0:1 "GET / HTTP/1.1" 401 (38 ms)
[30/Aug/2017:11:08:59 +0800] 0:0:0:0:0:0:0:1 "GET / HTTP/1.1" 200 (17 ms)
[30/Aug/2017:11:09:00 +0800] 0:0:0:0:0:0:0:1 "GET /favicon.ico HTTP/1.1" 200 (5 ms)
[30/Aug/2017:11:09:07 +0800] 0:0:0:0:0:0:0:1 "GET /admin HTTP/1.1" 200 (287 ms)
[30/Aug/2017:11:09:10 +0800] 0:0:0:0:0:0:0:1 "POST /shutdown HTTP/1.1" 200 (52 ms)
[30/Aug/2017:11:10:09 +0800] 0:0:0:0:0:0:0:1 "GET /info HTTP/1.1" 200 (273 ms)
[30/Aug/2017:11:10:09 +0800] 0:0:0:0:0:0:0:1 "GET /info HTTP/1.1" 200 (124 ms)
[30/Aug/2017:11:10:09 +0800] 0:0:0:0:0:0:0:1 "GET /info HTTP/1.1" 200 (489 ms)
[30/Aug/2017:11:10:09 +0800] 0:0:0:0:0:0:0:1 "GET /info HTTP/1.1" 200 (676 ms)
[30/Aug/2017:11:10:10 +0800] 0:0:0:0:0:0:0:1 "GET /info HTTP/1.1" 200 (22 ms)
[30/Aug/2017:11:10:11 +0800] 0:0:0:0:0:0:0:1 "GET /favicon.ico HTTP/1.1" 200 (17 ms)
[30/Aug/2017:11:11:32 +0800] 0:0:0:0:0:0:0:1 "GET /info HTTP/1.1" 200 (467 ms)
[30/Aug/2017:11:11:33 +0800] 0:0:0:0:0:0:0:1 "GET /favicon.ico HTTP/1.1" 200 (28 ms)
[30/Aug/2017:11:11:35 +0800] 0:0:0:0:0:0:0:1 "GET /info HTTP/1.1" 200 (25 ms)
[30/Aug/2017:11:11:36 +0800] 0:0:0:0:0:0:0:1 "GET /favicon.ico HTTP/1.1" 200 (17 ms)
[30/Aug/2017:11:11:36 +0800] 0:0:0:0:0:0:0:1 "GET /info HTTP/1.1" 200 (20 ms)
[30/Aug/2017:11:11:36 +0800] 0:0:0:0:0:0:0:1 "GET /favicon.ico HTTP/1.1" 200 (5 ms)
[30/Aug/2017:11:11:54 +0800] 0:0:0:0:0:0:0:1 "GET /info HTTP/1.1" 200 (17 ms)
[30/Aug/2017:11:11:59 +0800] 0:0:0:0:0:0:0:1 "GET / HTTP/1.1" 401 (64 ms)
[30/Aug/2017:11:12:04 +0800] 0:0:0:0:0:0:0:1 "GET /info HTTP/1.1" 200 (6 ms)
[30/Aug/2017:11:12:12 +0800] 0:0:0:0:0:0:0:1 "GET /admin HTTP/1.1" 401 (25 ms)
[30/Aug/2017:11:12:21 +0800] 0:0:0:0:0:0:0:1 "GET /beans HTTP/1.1" 200 (64 ms)
[30/Aug/2017:11:12:46 +0800] 0:0:0:0:0:0:0:1 "GET /beans HTTP/1.1" 401 (409 ms)
[30/Aug/2017:11:12:52 +0800] 0:0:0:0:0:0:0:1 "GET /beans HTTP/1.1" 200 (161 ms)
[30/Aug/2017:11:12:53 +0800] 0:0:0:0:0:0:0:1 "GET /favicon.ico HTTP/1.1" 200 (15 ms)
[30/Aug/2017:11:12:57 +0800] 0:0:0:0:0:0:0:1 "GET /info HTTP/1.1" 200 (37 ms)
[30/Aug/2017:21:35:13 +0800] 0:0:0:0:0:0:0:1 "GET / HTTP/1.1" 302 (26 ms)
[30/Aug/2017:21:35:13 +0800] 0:0:0:0:0:0:0:1 "GET / HTTP/1.1" 401 (63 ms)
[30/Aug/2017:21:35:20 +0800] 0:0:0:0:0:0:0:1 "GET / HTTP/1.1" 200 (35 ms)
[30/Aug/2017:21:35:28 +0800] 0:0:0:0:0:0:0:1 "GET /loggers HTTP/1.1" 200 (37 ms)
[30/Aug/2017:21:40:12 +0800] 0:0:0:0:0:0:0:1 "GET /loggers HTTP/1.1" 200 (108 ms)
[30/Aug/2017:21:40:13 +0800] 0:0:0:0:0:0:0:1 "GET /favicon.ico HTTP/1.1" 200 (16 ms)
[30/Aug/2017:21:40:19 +0800] 0:0:0:0:0:0:0:1 "GET / HTTP/1.1" 200 (19 ms)
[30/Aug/2017:21:40:28 +0800] 0:0:0:0:0:0:0:1 "GET /admin HTTP/1.1" 200 (205 ms)
[30/Aug/2017:21:40:42 +0800] 0:0:0:0:0:0:0:1 "POST /loggers/cn.cincout.tech.black.hole.springboot.interfaces.web HTTP/1.1" 415 (37 ms)
[30/Aug/2017:21:41:36 +0800] 0:0:0:0:0:0:0:1 "GET /loggers/ HTTP/1.1" 200 (99 ms)
[30/Aug/2017:21:41:54 +0800] 0:0:0:0:0:0:0:1 "GET /loggers/ HTTP/1.1" 200 (20 ms)
[30/Aug/2017:21:41:58 +0800] 0:0:0:0:0:0:0:1 "GET / HTTP/1.1" 401 (46 ms)
[30/Aug/2017:21:42:05 +0800] 0:0:0:0:0:0:0:1 "GET /info HTTP/1.1" 200 (24 ms)
[30/Aug/2017:21:45:38 +0800] 0:0:0:0:0:0:0:1 "GET /info HTTP/1.1" 200 (294 ms)
[30/Aug/2017:21:45:38 +0800] 0:0:0:0:0:0:0:1 "GET /favicon.ico HTTP/1.1" 200 (18 ms)
[30/Aug/2017:21:45:42 +0800] 0:0:0:0:0:0:0:1 "GET / HTTP/1.1" 401 (48 ms)
[30/Aug/2017:21:45:49 +0800] 0:0:0:0:0:0:0:1 "GET / HTTP/1.1" 200 (20 ms)
[30/Aug/2017:21:46:33 +0800] 0:0:0:0:0:0:0:1 "GET / HTTP/1.1" 200 (87 ms)
[30/Aug/2017:21:46:34 +0800] 0:0:0:0:0:0:0:1 "GET /favicon.ico HTTP/1.1" 200 (19 ms)
[30/Aug/2017:21:48:21 +0800] 0:0:0:0:0:0:0:1 "POST /cn.cincout.tech.black.hole.springboot.interfaces.web HTTP/1.1" 401 (25 ms)
[30/Aug/2017:21:48:42 +0800] 0:0:0:0:0:0:0:1 "POST /loggers/cn.cincout.tech.black.hole.springboot.interfaces.web HTTP/1.1" 200 (28 ms)
[30/Aug/2017:21:48:59 +0800] 0:0:0:0:0:0:0:1 "GET / HTTP/1.1" 200 (8 ms)
[30/Aug/2017:21:48:59 +0800] 0:0:0:0:0:0:0:1 "GET /favicon.ico HTTP/1.1" 200 (6 ms)
[30/Aug/2017:21:49:15 +0800] 0:0:0:0:0:0:0:1 "POST /loggers/cn.cincout.tech.black.hole.springboot.interfaces.web HTTP/1.1" 200 (5 ms)
[30/Aug/2017:21:49:20 +0800] 0:0:0:0:0:0:0:1 "GET / HTTP/1.1" 200 (15 ms)
[30/Aug/2017:21:49:20 +0800] 0:0:0:0:0:0:0:1 "GET /favicon.ico HTTP/1.1" 200 (4 ms)
[30/Aug/2017:21:50:10 +0800] 0:0:0:0:0:0:0:1 "GET /loggers HTTP/1.1" 200 (39 ms)
